INFO [07-04|15:01:47.133] Maximum peer count                       ETH=50 LES=0 total=50
INFO [07-04|15:01:47.135] Smartcard socket not found, disabling    err="stat /run/pcscd/pcscd.comm: no such file or directory"
INFO [07-04|15:01:47.144] Set global gas cap                       cap=50,000,000
INFO [07-04|15:01:47.144] Allocated trie memory caches             clean=154.00MiB dirty=256.00MiB
INFO [07-04|15:01:47.145] Allocated cache and file handles         database=/root/mainnet_data/geth/chaindata cache=512.00MiB handles=32768
INFO [07-04|15:01:47.251] Opened ancient database                  database=/root/mainnet_data/geth/chaindata/ancient readonly=false
INFO [07-04|15:01:47.252] Writing default main-net genesis block 
INFO [07-04|15:01:47.675] Persisted trie from memory database      nodes=12356 size=1.78MiB time=105.8716ms gcnodes=0 gcsize=0.00B gctime=0s livenodes=1 livesize=0.00B
INFO [07-04|15:01:47.676] Initialised chain configuration          config="{ChainID: 1 Homestead: 1150000 DAO: 1920000 DAOSupport: true EIP150: 2463000 EIP155: 2675000 EIP158: 2675000 Byzantium: 4370000 Constantinople: 7280000 Petersburg: 7280000 Istanbul: 9069000, Muir Glacier: 9200000, Berlin: 12244000, London: <nil>, Engine: ethash}"
INFO [07-04|15:01:47.678] Disk storage enabled for ethash caches   dir=/root/mainnet_data/geth/ethash count=3
INFO [07-04|15:01:47.678] Disk storage enabled for ethash DAGs     dir=/root/.ethash                  count=2
INFO [07-04|15:01:47.679] Initialising Ethereum protocol           network=15 dbversion=<nil>
INFO [07-04|15:01:47.681] Loaded most recent local header          number=0 hash=d4e567..cb8fa3 td=17,179,869,184 age=52y3mo2d
INFO [07-04|15:01:47.681] Loaded most recent local full block      number=0 hash=d4e567..cb8fa3 td=17,179,869,184 age=52y3mo2d
INFO [07-04|15:01:47.681] Loaded most recent local fast block      number=0 hash=d4e567..cb8fa3 td=17,179,869,184 age=52y3mo2d
WARN [07-04|15:01:47.682] Failed to load snapshot, regenerating    err="missing or corrupted snapshot"
INFO [07-04|15:01:47.682] Rebuilding state snapshot 
INFO [07-04|15:01:47.684] Resuming state snapshot generation       root=d7f897..0f0544 accounts=0 slots=0 storage=0.00B elapsed=1.509ms
INFO [07-04|15:01:47.687] Regenerated local transaction journal    transactions=0 accounts=0
INFO [07-04|15:01:47.690] Gasprice oracle is ignoring threshold set threshold=2
WARN [07-04|15:01:47.692] Error reading unclean shutdown markers   error="leveldb: not found"
INFO [07-04|15:01:47.692] Starting peer-to-peer node               instance=Geth/v1.10.4-stable-aa637fd3/linux-amd64/go1.16.4
INFO [07-04|15:01:47.725] New local node record                    seq=1 id=599ac1bb9b6bb67b ip=127.0.0.1 udp=0 tcp=30303
INFO [07-04|15:01:47.725] Started P2P networking                   self="enode://96560a8b7e1bb31c796cb742e91f74620b0dde91d78f3591a2c213e74817804a7318c39d1a51d343c535773067cbc37fbbf18514421190a588b97d84ae1433fc@127.0.0.1:30303?discport=0"
INFO [07-04|15:01:47.729] IPC endpoint opened                      url=/root/mainnet_data/geth.ipc
WARN [07-04|15:01:47.825] Served eth_coinbase                      reqid=3 t="39.2µs" err="etherbase must be explicitly specified"
INFO [07-04|15:01:48.118] Generated state snapshot                 accounts=8893 slots=0 storage=409.64KiB elapsed=435.087ms
INFO [07-04|15:16:26.343] IPC endpoint closed                      url=/root/mainnet_data/geth.ipc
INFO [07-04|15:16:26.344] Ethereum protocol stopped 
INFO [07-04|15:16:26.345] Transaction pool stopped 
INFO [07-04|15:16:26.346] Writing snapshot state to disk           root=d7f897..0f0544
INFO [07-04|15:16:26.347] Persisted trie from memory database      nodes=0     size=0.00B   time="15µs"     gcnodes=0 gcsize=0.00B gctime=0s livenodes=1 livesize=0.00B
INFO [07-04|15:16:26.348] Writing clean trie cache to disk         path=/root/mainnet_data/geth/triecache threads=8
ERROR[07-04|15:16:26.630] Failed to persist clean trie cache       error="cannot move temporary dir \"/root/mainnet_data/geth/fastcache.tmp.591197375\" to \"/root/mainnet_data/geth/triecache\": rename /root/mainnet_data/geth/fastcache.tmp.591197375 /root/mainnet_data/geth/triecache: permission denied"
INFO [07-04|15:16:26.630] Blockchain stopped 
